{"C:\\Users\\hp\\Desktop\\TheOdinProject\\testing-practise\\capitalize.js": {"path":"C:\\Users\\hp\\Desktop\\TheOdinProject\\testing-practise\\capitalize.js","statementMap":{"0":{"start":{"line":3,"column":4},"end":{"line":3,"column":69}}},"fnMap":{"0":{"name":"capitalize","decl":{"start":{"line":1,"column":9},"end":{"line":1,"column":19}},"loc":{"start":{"line":2,"column":0},"end":{"line":4,"column":1}},"line":2}},"branchMap":{},"s":{"0":1},"f":{"0":1},"b":{},"_coverageSchema":"1a1c01bbd47fc00a2c39e90264f33305004495a9","hash":"567cc3fa500773a98e2cb0f1e7b6a4972c1e0b05"}
,"C:\\Users\\hp\\Desktop\\TheOdinProject\\testing-practise\\sum.js": {"path":"C:\\Users\\hp\\Desktop\\TheOdinProject\\testing-practise\\sum.js","statementMap":{"0":{"start":{"line":3,"column":4},"end":{"line":3,"column":17}}},"fnMap":{"0":{"name":"sum","decl":{"start":{"line":1,"column":9},"end":{"line":1,"column":12}},"loc":{"start":{"line":2,"column":0},"end":{"line":4,"column":1}},"line":2}},"branchMap":{},"s":{"0":1},"f":{"0":1},"b":{},"_coverageSchema":"1a1c01bbd47fc00a2c39e90264f33305004495a9","hash":"b0b263b62ca7220f439135b9bf33ea2370c58af3"}
}
