TN:
SF:analyzeArray.js
FN:1,analyzeArray
FNF:1
FNH:1
FNDA:1,analyzeArray
DA:3,1
DA:4,1
DA:5,1
DA:6,1
DA:8,6
DA:10,1
DA:12,1
DA:18,1
LF:8
LH:8
BRF:0
BRH:0
end_of_record
TN:
SF:caesarCipher.js
FN:1,caesarCipher
FNF:1
FNH:1
FNDA:1,caesarCipher
DA:3,1
DA:4,1
DA:5,1
DA:6,1
DA:8,35
DA:9,35
DA:10,35
DA:12,1
LF:8
LH:8
BRF:0
BRH:0
end_of_record
TN:
SF:calculator.js
FN:3,(anonymous_0)
FN:8,(anonymous_1)
FN:13,(anonymous_2)
FN:18,(anonymous_3)
FNF:4
FNH:4
FNDA:1,(anonymous_0)
FNDA:1,(anonymous_1)
FNDA:1,(anonymous_2)
FNDA:1,(anonymous_3)
DA:5,1
DA:10,1
DA:15,1
DA:20,1
DA:24,1
LF:5
LH:5
BRF:0
BRH:0
end_of_record
TN:
SF:capitalize.js
FN:1,capitalize
FNF:1
FNH:1
FNDA:1,capitalize
DA:3,1
LF:1
LH:1
BRF:0
BRH:0
end_of_record
TN:
SF:reverse.js
FN:1,reverse
FNF:1
FNH:1
FNDA:1,reverse
DA:3,1
DA:4,1
DA:6,4
DA:8,1
LF:4
LH:4
BRF:0
BRH:0
end_of_record
TN:
SF:sum.js
FN:1,sum
FNF:1
FNH:1
FNDA:1,sum
DA:3,1
LF:1
LH:1
BRF:0
BRH:0
end_of_record
